app/build/intermediates/manifest_merge_blame_file/debug/manifest-merger-blame-debug-report.txt
1<?xml version="1.0" encoding="utf-8"?>
2<manifest xmlns:android="http://schemas.android.com/apk/res/android"
3    package="com.example.carcarcarcar"
4    android:versionCode="1"
5    android:versionName="1.0" >
6
7    <uses-sdk
8        android:minSdkVersion="28"
8-->src\main\AndroidManifest.xml
9        android:targetSdkVersion="28" />
9-->src\main\AndroidManifest.xml
10
11    <uses-permission android:name="android.permission.ACCESS_NETWORK_STATE" />
11-->src\main\AndroidManifest.xml:5:5-79
11-->src\main\AndroidManifest.xml:5:22-76
12    <uses-permission android:name="android.permission.WRITE_EXTERNAL_STORAGE" />
12-->src\main\AndroidManifest.xml:6:5-81
12-->src\main\AndroidManifest.xml:6:22-78
13    <uses-permission android:name="android.permission.CAMERA" />
13-->src\main\AndroidManifest.xml:7:5-65
13-->src\main\AndroidManifest.xml:7:22-62
14    <uses-permission android:name="android.permission.READ_EXTERNAL_STORAGE" />
14-->src\main\AndroidManifest.xml:8:5-80
14-->src\main\AndroidManifest.xml:8:22-77
15    <uses-permission android:name="android.permission.WRITE_EXTERNAL_STORAGE" />
15-->src\main\AndroidManifest.xml:6:5-81
15-->src\main\AndroidManifest.xml:6:22-78
16    <uses-permission android:name="android.permission.INTERNET" />
16-->src\main\AndroidManifest.xml:10:5-67
16-->src\main\AndroidManifest.xml:10:22-64
17
18    <application
18-->src\main\AndroidManifest.xml:13:5-54:19
19        android:allowBackup="true"
19-->src\main\AndroidManifest.xml:14:9-35
20        android:appComponentFactory="androidx.core.app.CoreComponentFactory"
20-->[androidx.core:core:1.0.1] AndroidManifest.xml:22:18-86
21        android:debuggable="true"
22        android:extractNativeLibs="false"
23        android:icon="@mipmap/ic_launcher"
23-->src\main\AndroidManifest.xml:15:9-43
24        android:label="@string/app_name"
24-->src\main\AndroidManifest.xml:16:9-41
25        android:roundIcon="@mipmap/ic_launcher_round"
25-->src\main\AndroidManifest.xml:17:9-54
26        android:supportsRtl="true"
26-->src\main\AndroidManifest.xml:18:9-35
27        android:testOnly="true"
28        android:theme="@style/AppTheme.NoActionBar"
28-->src\main\AndroidManifest.xml:19:9-52
29        android:usesCleartextTraffic="true" >
29-->src\main\AndroidManifest.xml:20:9-44
30        <activity android:name="com.example.carcarcarcar.ComparePopup" />
30-->src\main\AndroidManifest.xml:22:9-49
30-->src\main\AndroidManifest.xml:22:19-47
31        <activity android:name="com.example.carcarcarcar.CompareActivity" />
31-->src\main\AndroidManifest.xml:23:9-53
31-->src\main\AndroidManifest.xml:23:19-50
32        <activity android:name="com.example.carcarcarcar.AfterPastHistory" />
32-->src\main\AndroidManifest.xml:24:9-54
32-->src\main\AndroidManifest.xml:24:19-51
33        <activity android:name="com.example.carcarcarcar.BeforePastHistory" >
33-->src\main\AndroidManifest.xml:25:9-31:20
33-->src\main\AndroidManifest.xml:25:19-52
34            <intent-filter>
34-->src\main\AndroidManifest.xml:26:13-30:29
35                <action android:name="android.intent.action.MAIN" />
35-->src\main\AndroidManifest.xml:27:17-69
35-->src\main\AndroidManifest.xml:27:25-66
36
37                <category android:name="android.intent.category.LAUNCHER" />
37-->src\main\AndroidManifest.xml:29:17-77
37-->src\main\AndroidManifest.xml:29:27-74
38            </intent-filter>
39        </activity>
40        <activity android:name="com.example.carcarcarcar.AddnewActivity" />
40-->src\main\AndroidManifest.xml:32:9-52
40-->src\main\AndroidManifest.xml:32:19-49
41        <activity android:name="com.example.carcarcarcar.HistoryActivity" />
41-->src\main\AndroidManifest.xml:33:9-53
41-->src\main\AndroidManifest.xml:33:19-50
42        <activity android:name="com.example.carcarcarcar.MenuActivity" />
42-->src\main\AndroidManifest.xml:34:9-50
42-->src\main\AndroidManifest.xml:34:19-47
43        <activity
43-->src\main\AndroidManifest.xml:36:9-38:53
44            android:name="com.example.carcarcarcar.CameraActivity"
44-->src\main\AndroidManifest.xml:37:13-43
45            android:screenOrientation="landscape" />
45-->src\main\AndroidManifest.xml:38:13-50
46        <activity
46-->src\main\AndroidManifest.xml:39:9-41:53
47            android:name="com.example.carcarcarcar.SaveImageActivity"
47-->src\main\AndroidManifest.xml:40:13-46
48            android:screenOrientation="landscape" />
48-->src\main\AndroidManifest.xml:41:13-50
49        <activity android:name="com.example.carcarcarcar.LoginActivity" />
49-->src\main\AndroidManifest.xml:42:9-43:44
49-->src\main\AndroidManifest.xml:43:13-42
50        <activity
50-->src\main\AndroidManifest.xml:44:9-50:20
51            android:name="com.example.carcarcarcar.LoadingActivity"
51-->src\main\AndroidManifest.xml:45:13-44
52            android:label="@string/app_name"
52-->src\main\AndroidManifest.xml:47:13-45
53            android:theme="@android:style/Theme.NoTitleBar.Fullscreen" >
53-->src\main\AndroidManifest.xml:46:13-71
54        </activity>
55
56        <provider
56-->[androidx.lifecycle:lifecycle-process:2.0.0] AndroidManifest.xml:23:9-27:43
57            android:name="androidx.lifecycle.ProcessLifecycleOwnerInitializer"
57-->[androidx.lifecycle:lifecycle-process:2.0.0] AndroidManifest.xml:24:13-79
58            android:authorities="com.example.carcarcarcar.lifecycle-process"
58-->[androidx.lifecycle:lifecycle-process:2.0.0] AndroidManifest.xml:25:13-69
59            android:exported="false"
59-->[androidx.lifecycle:lifecycle-process:2.0.0] AndroidManifest.xml:26:13-37
60            android:multiprocess="true" />
60-->[androidx.lifecycle:lifecycle-process:2.0.0] AndroidManifest.xml:27:13-40
61    </application>
62
63</manifest>